<?xml version="1.0" encoding="UTF-8"?>
<testng-results ignored="0" total="1" passed="1" failed="0" skipped="0">
  <reporter-output>
  </reporter-output>
  <suite started-at="2022-05-20T08:40:44 IST" name="TestNg Suite" finished-at="2022-05-20T08:40:58 IST" duration-ms="13273">
    <groups>
    </groups>
    <test started-at="2022-05-20T08:40:44 IST" name="Demo Shop Tests" finished-at="2022-05-20T08:40:58 IST" duration-ms="13273">
      <class name="com.demowebshop.testscripts.Register">
        <test-method is-config="true" signature="setup()[pri:0, instance:com.demowebshop.testscripts.Register@74235045]" started-at="2022-05-20T08:40:44 IST" name="setup" finished-at="2022-05-20T08:40:56 IST" duration-ms="11016" status="PASS">
          <reporter-output>
          </reporter-output>
        </test-method> <!-- setup -->
        <test-method signature="VerifyDemoWebShopRegisterWithValidData()[pri:0, instance:com.demowebshop.testscripts.Register@74235045]" started-at="2022-05-20T08:40:56 IST" name="VerifyDemoWebShopRegisterWithValidData" finished-at="2022-05-20T08:40:58 IST" duration-ms="2023" status="PASS">
          <reporter-output>
          </reporter-output>
        </test-method> <!-- VerifyDemoWebShopRegisterWithValidData -->
        <test-method is-config="true" signature="closeBrowser()[pri:0, instance:com.demowebshop.testscripts.Register@74235045]" started-at="2022-05-20T08:40:58 IST" name="closeBrowser" finished-at="2022-05-20T08:40:58 IST" duration-ms="209" status="PASS">
          <reporter-output>
          </reporter-output>
        </test-method> <!-- closeBrowser -->
      </class> <!-- com.demowebshop.testscripts.Register -->
    </test> <!-- Demo Shop Tests -->
  </suite> <!-- TestNg Suite -->
</testng-results>
